0 info it worked if it ends with ok
1 verbose cli [ '/usr/bin/node', '/usr/bin/npm', 'run', 'phpcs' ]
2 info using npm@3.10.10
3 info using node@v6.17.1
4 verbose run-script [ 'prephpcs', 'phpcs', 'postphpcs' ]
5 info lifecycle wsuwp-plugin-idonate@1.2.3~prephpcs: wsuwp-plugin-idonate@1.2.3
6 silly lifecycle wsuwp-plugin-idonate@1.2.3~prephpcs: no script for prephpcs, continuing
7 info lifecycle wsuwp-plugin-idonate@1.2.3~phpcs: wsuwp-plugin-idonate@1.2.3
8 verbose lifecycle wsuwp-plugin-idonate@1.2.3~phpcs: unsafe-perm in lifecycle true
9 verbose lifecycle wsuwp-plugin-idonate@1.2.3~phpcs: PATH: /usr/lib/node_modules/npm/bin/node-gyp-bin:/var/www/html/node_modules/.bin:/root/.composer/vendor/bin:/root/.composer/vendor/bin:~/.composer/vendor/bin:/usr/local/sbin:/usr/local/bin:/usr/sbin:/usr/bin:/sbin:/bin
10 verbose lifecycle wsuwp-plugin-idonate@1.2.3~phpcs: CWD: /var/www/html
11 silly lifecycle wsuwp-plugin-idonate@1.2.3~phpcs: Args: [ '-c',
11 silly lifecycle   'phpcs -p -s ./ --extensions=php --ignore="*/vendor/*,*/node_modules/*"' ]
12 silly lifecycle wsuwp-plugin-idonate@1.2.3~phpcs: Returned: code: 2  signal: null
13 info lifecycle wsuwp-plugin-idonate@1.2.3~phpcs: Failed to exec phpcs script
14 verbose stack Error: wsuwp-plugin-idonate@1.2.3 phpcs: `phpcs -p -s ./ --extensions=php --ignore="*/vendor/*,*/node_modules/*"`
14 verbose stack Exit status 2
14 verbose stack     at EventEmitter.<anonymous> (/usr/lib/node_modules/npm/lib/utils/lifecycle.js:255:16)
14 verbose stack     at emitTwo (events.js:106:13)
14 verbose stack     at EventEmitter.emit (events.js:191:7)
14 verbose stack     at ChildProcess.<anonymous> (/usr/lib/node_modules/npm/lib/utils/spawn.js:40:14)
14 verbose stack     at emitTwo (events.js:106:13)
14 verbose stack     at ChildProcess.emit (events.js:191:7)
14 verbose stack     at maybeClose (internal/child_process.js:920:16)
14 verbose stack     at Process.ChildProcess._handle.onexit (internal/child_process.js:230:5)
15 verbose pkgid wsuwp-plugin-idonate@1.2.3
16 verbose cwd /var/www/html
17 error Linux 4.9.184-linuxkit
18 error argv "/usr/bin/node" "/usr/bin/npm" "run" "phpcs"
19 error node v6.17.1
20 error npm  v3.10.10
21 error code ELIFECYCLE
22 error wsuwp-plugin-idonate@1.2.3 phpcs: `phpcs -p -s ./ --extensions=php --ignore="*/vendor/*,*/node_modules/*"`
22 error Exit status 2
23 error Failed at the wsuwp-plugin-idonate@1.2.3 phpcs script 'phpcs -p -s ./ --extensions=php --ignore="*/vendor/*,*/node_modules/*"'.
23 error Make sure you have the latest version of node.js and npm installed.
23 error If you do, this is most likely a problem with the wsuwp-plugin-idonate package,
23 error not with npm itself.
23 error Tell the author that this fails on your system:
23 error     phpcs -p -s ./ --extensions=php --ignore="*/vendor/*,*/node_modules/*"
23 error You can get information on how to open an issue for this project with:
23 error     npm bugs wsuwp-plugin-idonate
23 error Or if that isn't available, you can get their info via:
23 error     npm owner ls wsuwp-plugin-idonate
23 error There is likely additional logging output above.
24 verbose exit [ 1, true ]
